<?xml version="1.0" encoding="UTF-8"?>
<testng-results ignored="0" total="1" passed="1" failed="0" skipped="0">
  <reporter-output>
  </reporter-output>
  <suite started-at="2021-10-07T12:26:45 IST" name="Default suite" finished-at="2021-10-07T12:27:24 IST" duration-ms="39633">
    <groups>
    </groups>
    <test started-at="2021-10-07T12:26:45 IST" name="Default test" finished-at="2021-10-07T12:27:24 IST" duration-ms="39633">
      <class name="newmvn.mvnProject.browser_check">
        <test-method is-config="true" signature="setup()[pri:0, instance:newmvn.mvnProject.browser_check@79da8dc5]" started-at="2021-10-07T12:26:45 IST" name="setup" finished-at="2021-10-07T12:27:23 IST" duration-ms="38651" status="PASS">
          <reporter-output>
          </reporter-output>
        </test-method> <!-- setup -->
        <test-method signature="RediffTitleTest()[pri:0, instance:newmvn.mvnProject.browser_check@79da8dc5]" started-at="2021-10-07T12:27:23 IST" name="RediffTitleTest" finished-at="2021-10-07T12:27:23 IST" duration-ms="100" status="PASS">
          <reporter-output>
          </reporter-output>
        </test-method> <!-- RediffTitleTest -->
        <test-method is-config="true" signature="end()[pri:0, instance:newmvn.mvnProject.browser_check@79da8dc5]" started-at="2021-10-07T12:27:23 IST" name="end" finished-at="2021-10-07T12:27:24 IST" duration-ms="799" status="PASS">
          <reporter-output>
          </reporter-output>
        </test-method> <!-- end -->
      </class> <!-- newmvn.mvnProject.browser_check -->
    </test> <!-- Default test -->
  </suite> <!-- Default suite -->
</testng-results>
